Determining if the pthread_create exist failed with the following output:
Change Dir: /home/jianghc/testproject/deecamp/cmake-build-debug/CMakeFiles/CMakeTmp

Run Build Command(s):/usr/bin/make cmTC_75fe7/fast 
/usr/bin/make -f CMakeFiles/cmTC_75fe7.dir/build.make CMakeFiles/cmTC_75fe7.dir/build
make[1]: Entering directory '/home/jianghc/testproject/deecamp/cmake-build-debug/CMakeFiles/CMakeTmp'
Building C object CMakeFiles/cmTC_75fe7.dir/CheckSymbolExists.c.o
/usr/bin/cc    -o CMakeFiles/cmTC_75fe7.dir/CheckSymbolExists.c.o   -c /home/jianghc/testproject/deecamp/cmake-build-debug/CMakeFiles/CMakeTmp/CheckSymbolExists.c
Linking C executable cmTC_75fe7
/home/jianghc/Software/clion-2019.1.2/bin/cmake/linux/bin/cmake -E cmake_link_script CMakeFiles/cmTC_75fe7.dir/link.txt --verbose=1
/usr/bin/cc      CMakeFiles/cmTC_75fe7.dir/CheckSymbolExists.c.o  -o cmTC_75fe7 
CMakeFiles/cmTC_75fe7.dir/CheckSymbolExists.c.o: In function `main':
CheckSymbolExists.c:(.text+0x16): undefined reference to `pthread_create'
collect2: error: ld returned 1 exit status
CMakeFiles/cmTC_75fe7.dir/build.make:86: recipe for target 'cmTC_75fe7' failed
make[1]: *** [cmTC_75fe7] Error 1
make[1]: Leaving directory '/home/jianghc/testproject/deecamp/cmake-build-debug/CMakeFiles/CMakeTmp'
Makefile:121: recipe for target 'cmTC_75fe7/fast' failed
make: *** [cmTC_75fe7/fast] Error 2

File /home/jianghc/testproject/deecamp/cmake-build-debug/CMakeFiles/CMakeTmp/CheckSymbolExists.c:
/* */
#include <pthread.h>

int main(int argc, char** argv)
{
  (void)argv;
#ifndef pthread_create
  return ((int*)(&pthread_create))[argc];
#else
  (void)argc;
  return 0;
#endif
}

Determining if the function pthread_create exists in the pthreads failed with the following output:
Change Dir: /home/jianghc/testproject/deecamp/cmake-build-debug/CMakeFiles/CMakeTmp

Run Build Command(s):/usr/bin/make cmTC_f5df0/fast 
/usr/bin/make -f CMakeFiles/cmTC_f5df0.dir/build.make CMakeFiles/cmTC_f5df0.dir/build
make[1]: Entering directory '/home/jianghc/testproject/deecamp/cmake-build-debug/CMakeFiles/CMakeTmp'
Building C object CMakeFiles/cmTC_f5df0.dir/CheckFunctionExists.c.o
/usr/bin/cc   -DCHECK_FUNCTION_EXISTS=pthread_create   -o CMakeFiles/cmTC_f5df0.dir/CheckFunctionExists.c.o   -c /home/jianghc/Software/clion-2019.1.2/bin/cmake/linux/share/cmake-3.14/Modules/CheckFunctionExists.c
Linking C executable cmTC_f5df0
/home/jianghc/Software/clion-2019.1.2/bin/cmake/linux/bin/cmake -E cmake_link_script CMakeFiles/cmTC_f5df0.dir/link.txt --verbose=1
/usr/bin/cc  -DCHECK_FUNCTION_EXISTS=pthread_create    CMakeFiles/cmTC_f5df0.dir/CheckFunctionExists.c.o  -o cmTC_f5df0 -lpthreads 
/usr/bin/ld: cannot find -lpthreads
collect2: error: ld returned 1 exit status
CMakeFiles/cmTC_f5df0.dir/build.make:86: recipe for target 'cmTC_f5df0' failed
make[1]: *** [cmTC_f5df0] Error 1
make[1]: Leaving directory '/home/jianghc/testproject/deecamp/cmake-build-debug/CMakeFiles/CMakeTmp'
Makefile:121: recipe for target 'cmTC_f5df0/fast' failed
make: *** [cmTC_f5df0/fast] Error 2


